<?xml version="1.0" encoding="UTF-8"?>
<!-- Generated by org.testng.reporters.JUnitReportReporter -->
<testsuite skipped="0" hostname="CDC2-D-4TJMX52" name="Test.SampleTest" tests="1" failures="0" timestamp="31 May 2018 05:53:47 GMT" time="3.832" errors="0">
  <testcase name="f" time="3.832" classname="Test.SampleTest"/>
</testsuite> <!-- Test.SampleTest -->
